<?xml version="1.0" encoding="UTF-8"?>
<!-- Generated by org.testng.reporters.JUnitXMLReporter -->
<testsuite hostname="GEVW59D07RA24FU" name="LoginTest" tests="6" failures="0" timestamp="30 Oct 2019 15:24:09 GMT" time="10.502" errors="0">
  <testcase name="case_test_fail" time="6.647" classname="com.zs.auto.day07_1029.login.LoginTest"/>
  <testcase name="case_test_fail" time="0.675" classname="com.zs.auto.day07_1029.login.LoginTest"/>
  <testcase name="case_test_fail" time="0.563" classname="com.zs.auto.day07_1029.login.LoginTest"/>
  <testcase name="case_test_fail" time="0.56" classname="com.zs.auto.day07_1029.login.LoginTest"/>
  <testcase name="case_test_fail" time="0.636" classname="com.zs.auto.day07_1029.login.LoginTest"/>
  <testcase name="case_test_fail" time="0.507" classname="com.zs.auto.day07_1029.login.LoginTest"/>
</testsuite> <!-- LoginTest -->
