<?xml version="1.0" encoding="UTF-8"?>
<!-- Generated by org.testng.reporters.JUnitXMLReporter -->
<testsuite hostname="GEVW59D07RA24FU" name="RegisterTest" tests="7" failures="0" timestamp="30 Oct 2019 13:30:21 GMT" time="5.152" errors="0">
  <testcase name="case_test" time="1.727" classname="com.zs.auto.day07_1029.register.RegisterTest"/>
  <testcase name="case_test" time="0.585" classname="com.zs.auto.day07_1029.register.RegisterTest"/>
  <testcase name="case_test" time="0.574" classname="com.zs.auto.day07_1029.register.RegisterTest"/>
  <testcase name="case_test" time="0.575" classname="com.zs.auto.day07_1029.register.RegisterTest"/>
  <testcase name="case_test" time="0.548" classname="com.zs.auto.day07_1029.register.RegisterTest"/>
  <testcase name="case_test" time="0.547" classname="com.zs.auto.day07_1029.register.RegisterTest"/>
  <testcase name="case_test" time="0.587" classname="com.zs.auto.day07_1029.register.RegisterTest"/>
</testsuite> <!-- RegisterTest -->
