<?xml version="1.0" encoding="UTF-8"?>
<!-- Generated by org.testng.reporters.JUnitXMLReporter -->
<testsuite hostname="GEVW59D07RA24FU" name="Default test" tests="6" failures="0" timestamp="4 Nov 2019 12:50:27 GMT" time="11.807" errors="0">
  <testcase name="login_fail_case" time="6.305" classname="com.zs.auto.day08_1031.login.LoginTest"/>
  <testcase name="login_fail_case" time="0.425" classname="com.zs.auto.day08_1031.login.LoginTest"/>
  <testcase name="login_fail_case" time="0.403" classname="com.zs.auto.day08_1031.login.LoginTest"/>
  <testcase name="login_fail_case" time="0.402" classname="com.zs.auto.day08_1031.login.LoginTest"/>
  <testcase name="login_fail_case" time="0.359" classname="com.zs.auto.day08_1031.login.LoginTest"/>
  <testcase name="login_fail_case" time="0.359" classname="com.zs.auto.day08_1031.login.LoginTest"/>
</testsuite> <!-- Default test -->
